<?xml version="1.0" encoding="UTF-8"?>
<!-- Generated by org.testng.reporters.JUnitXMLReporter -->
<testsuite ignored="0" hostname="DESKTOP-1F48T11" failures="0" tests="3" name="Default test" time="0.103" errors="0" timestamp="2022-10-08T15:52:20 IST">
  <testcase classname="priorityAndinvocation.priorityAndInvocation" name="testb" time="0.014"/>
  <testcase classname="priorityAndinvocation.priorityAndInvocation" name="testa" time="0.005"/>
  <testcase classname="priorityAndinvocation.priorityAndInvocation" name="teste" time="0.01"/>
</testsuite> <!-- Default test -->
