<?xml version="1.0" encoding="UTF-8"?>
<testng-results ignored="0" total="3" passed="3" failed="0" skipped="0">
  <reporter-output>
  </reporter-output>
  <suite started-at="2022-10-08T15:52:20 IST" name="Default suite" finished-at="2022-10-08T15:52:20 IST" duration-ms="103">
    <groups>
    </groups>
    <test started-at="2022-10-08T15:52:20 IST" name="Default test" finished-at="2022-10-08T15:52:20 IST" duration-ms="103">
      <class name="priorityAndinvocation.priorityAndInvocation">
        <test-method signature="testb()[pri:-1, instance:priorityAndinvocation.priorityAndInvocation@32b260fa]" started-at="2022-10-08T15:52:20 IST" name="testb" finished-at="2022-10-08T15:52:20 IST" duration-ms="14" status="PASS">
          <reporter-output>
          </reporter-output>
        </test-method> <!-- testb -->
        <test-method signature="testa()[pri:0, instance:priorityAndinvocation.priorityAndInvocation@32b260fa]" started-at="2022-10-08T15:52:20 IST" name="testa" finished-at="2022-10-08T15:52:20 IST" duration-ms="5" status="PASS">
          <reporter-output>
          </reporter-output>
        </test-method> <!-- testa -->
        <test-method signature="teste()[pri:0, instance:priorityAndinvocation.priorityAndInvocation@32b260fa]" started-at="2022-10-08T15:52:20 IST" name="teste" finished-at="2022-10-08T15:52:20 IST" duration-ms="10" status="PASS">
          <reporter-output>
          </reporter-output>
        </test-method> <!-- teste -->
      </class> <!-- priorityAndinvocation.priorityAndInvocation -->
    </test> <!-- Default test -->
  </suite> <!-- Default suite -->
</testng-results>
